Arguments: 
  C:\Program Files\nodejs\node.exe C:\Users\imsan\AppData\Roaming\npm\node_modules\yarn\bin\yarn.js start

PATH: 
  C:\WINDOWS\system32;C:\WINDOWS;C:\WINDOWS\System32\Wbem;C:\WINDOWS\System32\WindowsPowerShell\v1.0\;C:\Program Files\Git\bin\git.exe;C:\Program Files\Git\cmd;C:\Program Files (x86)\GtkSharp\2.12\bin;C:\Program Files (x86)\Skype\Phone\;C:\Program Files\nodejs\;C:\Users\imsan\AppData\Local\Microsoft\WindowsApps;C:\Program Files\MongoDB\Server\3.4\bin;C:\Program Files\nodejs\;C:\Users\imsan\AppData\Local\atom\bin;C:\Program Files (x86)\Microsoft VS Code;C:\Program Files (x86)\Microsoft VS Code\bin;C:\Users\imsan\AppData\Local\Microsoft\WindowsApps;C:\Program Files\PostgreSQL\10\bin;C:\Program Files\Heroku\bin;C:\Users\imsan\AppData\Roaming\npm

Yarn version: 
  1.5.1

Node version: 
  9.8.0

Platform: 
  win32 x64

npm manifest: 
  No manifest

yarn manifest: 
  No manifest

Lockfile: 
  No lockfile

Trace: 
  Error: Couldn't find a package.json file in "C:\\Users\\imsan\\Documents\\kojo"
      at new MessageError (C:\Users\imsan\AppData\Roaming\npm\node_modules\yarn\lib\cli.js:186:110)
      at C:\Users\imsan\AppData\Roaming\npm\node_modules\yarn\lib\cli.js:40048:15
      at Generator.next (<anonymous>)
      at step (C:\Users\imsan\AppData\Roaming\npm\node_modules\yarn\lib\cli.js:98:30)
      at C:\Users\imsan\AppData\Roaming\npm\node_modules\yarn\lib\cli.js:109:13
      at <anonymous>
